[+] Containers:
 |- [+] Container: /Game/TopDownShooter/Maps/ThirdPersonMap
 |   |- [+] ActorDescs:
 |   |   |- Guid:026AB130429EC67C1805D88AD05BF860 BaseClass: NativeClass:/Script/Engine.StaticMeshActor Name:StaticMeshActor_UAID_9C7BEF28E63F29D001_1225185070 Label:cross-wood_cross_wood SpatiallyLoaded:1 Bounds:IsValid=true, Min=(X=3556.886 Y=4379.066 Z=-0.000), Max=(X=3599.886 Y=4422.066 Z=106.480) RuntimeGrid:None EditorOnly:0 RuntimeOnly:0 HLODRelevant:1 ListedInSceneOutliner:1 IsMainWorldOnly:0
 |   |   |- Guid:07FDB64B4AD88C97A5CB118F6D2999E0 BaseClass: NativeClass:/Script/Engine.StaticMeshActor Name:StaticMeshActor_UAID_9C7BEF28E63F29D001_1242723071 Label:cross-column_cross_column SpatiallyLoaded:1 Bounds:IsValid=true, Min=(X=3553.480 Y=4449.552 Z=-0.000), Max=(X=3593.480 Y=4489.552 Z=142.480) RuntimeGrid:None EditorOnly:0 RuntimeOnly:0 HLODRelevant:1 ListedInSceneOutliner:1 IsMainWorldOnly:0
 |   |   |- Guid:096EFA0A4ADD4F6B60E57D94291F2221 BaseClass: NativeClass:/Script/Engine.StaticMeshActor Name:StaticMeshActor_UAID_9C7BEF28E63F29D001_1256027072 Label:cross-column_cross_column2 SpatiallyLoaded:1 Bounds:IsValid=true, Min=(X=3553.480 Y=4305.443 Z=-0.000), Max=(X=3593.480 Y=4345.443 Z=142.480) RuntimeGrid:None EditorOnly:0 RuntimeOnly:0 HLODRelevant:1 ListedInSceneOutliner:1 IsMainWorldOnly:0
 |   |   |- Guid:0F8EA9FC4A15D27B391803B467098A70 BaseClass: NativeClass:/Script/Engine.StaticMeshActor Name:StaticMeshActor_6 Label:SM_Cube3 SpatiallyLoaded:1 Bounds:IsValid=true, Min=(X=0.000 Y=10480.000 Z=0.000), Max=(X=10000.000 Y=10580.000 Z=400.000) RuntimeGrid:None EditorOnly:0 RuntimeOnly:0 HLODRelevant:1 ListedInSceneOutliner:1 IsMainWorldOnly:0 FolderPath:Playground FolderGuid:C73F09FC4215536B1DCE2A9E0A830C70
 |   |   |- Guid:122625674256AB9556FDA39075B8940B BaseClass: NativeClass:/Script/Engine.StaticMeshActor Name:StaticMeshActor_UAID_9C7BEF28E63F28D001_1840835863 Label:iron-fence-border_iron_fence_border7 SpatiallyLoaded:1 Bounds:IsValid=true, Min=(X=3460.000 Y=4200.000 Z=0.000), Max=(X=3560.000 Y=4210.000 Z=82.390) RuntimeGrid:None EditorOnly:0 RuntimeOnly:0 HLODRelevant:1 ListedInSceneOutliner:1 IsMainWorldOnly:0
 |   |   |- Guid:1B4702194DC74A885D58A4A2584E2ADF BaseClass: NativeClass:/Script/Engine.StaticMeshActor Name:StaticMeshActor_UAID_9C7BEF28E63F28D001_1870374869 Label:iron-fence-border-curve_iron_fence_border_curve3 SpatiallyLoaded:1 Bounds:IsValid=true, Min=(X=3760.000 Y=4200.000 Z=0.000), Max=(X=3860.000 Y=4300.000 Z=82.390) RuntimeGrid:None EditorOnly:0 RuntimeOnly:0 HLODRelevant:1 ListedInSceneOutliner:1 IsMainWorldOnly:0
 |   |   |- Guid:1D7A09A541D67A4D509021AC0ED45A35 BaseClass: NativeClass:/Script/Engine.SkyAtmosphere Name:SkyAtmosphere_0 Label:SkyAtmosphere SpatiallyLoaded:0 Bounds:IsValid=true, Min=(X=0.000 Y=0.000 Z=1020.000), Max=(X=0.000 Y=0.000 Z=1020.000) RuntimeGrid:None EditorOnly:0 RuntimeOnly:0 HLODRelevant:0 ListedInSceneOutliner:1 IsMainWorldOnly:0 FolderPath:Lighting FolderGuid:963EC3EB4002CCE9759E2EBA541A873A
 |   |   |- Guid:2277293B43BB7B60B23D0C8ACE682A75 BaseClass: NativeClass:/Script/Engine.StaticMeshActor Name:StaticMeshActor_UAID_9C7BEF28E63F28D001_1743984849 Label:iron-fence-border_iron_fence_border3 SpatiallyLoaded:1 Bounds:IsValid=true, Min=(X=3360.000 Y=4300.000 Z=0.000), Max=(X=3370.000 Y=4400.000 Z=82.390) RuntimeGrid:None EditorOnly:0 RuntimeOnly:0 HLODRelevant:1 ListedInSceneOutliner:1 IsMainWorldOnly:0
 |   |   |- Guid:2A4B28BB415787668317B09657450B2C BaseClass: NativeClass:/Script/Engine.PostProcessVolume Name:PostProcessVolume_0 Label:PostProcessVolume SpatiallyLoaded:0 Bounds:IsValid=true, Min=(X=0.000 Y=0.000 Z=400.000), Max=(X=200.000 Y=200.000 Z=600.000) RuntimeGrid:None EditorOnly:0 RuntimeOnly:0 HLODRelevant:0 ListedInSceneOutliner:1 IsMainWorldOnly:0 FolderPath:Lighting FolderGuid:963EC3EB4002CCE9759E2EBA541A873A
 |   |   |- Guid:30ADE78B4739B344F3C83BAC8C3B988B BaseClass: NativeClass:/Script/Engine.StaticMeshActor Name:StaticMeshActor_UAID_9C7BEF28E63F28D001_1901639874 Label:iron-fence-border_iron_fence_border16 SpatiallyLoaded:1 Bounds:IsValid=true, Min=(X=3850.000 Y=4500.000 Z=0.000), Max=(X=3860.000 Y=4600.000 Z=82.390) RuntimeGrid:None EditorOnly:0 RuntimeOnly:0 HLODRelevant:1 ListedInSceneOutliner:1 IsMainWorldOnly:0
 |   |   |- Guid:359573AF493D3FB0F2CECE922890536B BaseClass: NativeClass:/Script/Engine.StaticMeshActor Name:StaticMeshActor_UAID_9C7BEF28E63F28D001_1806011856 Label:iron-fence-border-curve_iron_fence_border_curve2 SpatiallyLoaded:1 Bounds:IsValid=true, Min=(X=3360.000 Y=5000.000 Z=0.000), Max=(X=3460.000 Y=5100.000 Z=82.390) RuntimeGrid:None EditorOnly:0 RuntimeOnly:0 HLODRelevant:1 ListedInSceneOutliner:1 IsMainWorldOnly:0
 |   |   |- Guid:3FADF0D34107D0E6738D7491851E902D BaseClass: NativeClass:/Script/Engine.StaticMeshActor Name:StaticMeshActor_UAID_9C7BEF28E63F29D001_1161725063 Label:lantern-candle_lantern_candle2 SpatiallyLoaded:1 Bounds:IsValid=true, Min=(X=3357.553 Y=4699.158 Z=82.390), Max=(X=3372.144 Y=4713.749 Z=111.620) RuntimeGrid:None EditorOnly:0 RuntimeOnly:0 HLODRelevant:1 ListedInSceneOutliner:1 IsMainWorldOnly:0
 |   |   |- Guid:43B410DB4540C74D3218BC8471F7C64A BaseClass:/Game/TopDownShooter/BP_Shop.BP_Shop_C NativeClass:/Script/Engine.Actor Name:BP_Shop_C_UAID_842AFD1526492CCF01_1125603495 Label:BP_Shop SpatiallyLoaded:1 Bounds:IsValid=true, Min=(X=3570.000 Y=4600.000 Z=-10.000), Max=(X=3670.000 Y=4700.000 Z=90.000) RuntimeGrid:None EditorOnly:0 RuntimeOnly:0 HLODRelevant:0 ListedInSceneOutliner:1 IsMainWorldOnly:0
 |   |   |- Guid:467DB4CE4AD492170E5E13A6F82CD700 BaseClass: NativeClass:/Script/Engine.VolumetricCloud Name:VolumetricCloud_0 Label:VolumetricCloud SpatiallyLoaded:0 Bounds:IsValid=true, Min=(X=0.000 Y=0.000 Z=820.000), Max=(X=0.000 Y=0.000 Z=820.000) RuntimeGrid:None EditorOnly:0 RuntimeOnly:0 HLODRelevant:0 ListedInSceneOutliner:1 IsMainWorldOnly:0 FolderPath:Lighting FolderGuid:963EC3EB4002CCE9759E2EBA541A873A
 |   |   |- Guid:4904E7CC4D6242FA72BEAD9EAFAE5139 BaseClass: NativeClass:/Script/NavigationSystem.NavMeshBoundsVolume Name:NavMeshBoundsVolume_UAID_9C7BEF28E63F91CE01_1779230216 Label:NavMeshBoundsVolume SpatiallyLoaded:0 Bounds:IsValid=true, Min=(X=-2060.000 Y=-2180.000 Z=-100.000), Max=(X=13940.000 Y=13820.000 Z=100.000) RuntimeGrid:None EditorOnly:0 RuntimeOnly:0 HLODRelevant:0 ListedInSceneOutliner:1 IsMainWorldOnly:0
 |   |   |- Guid:4B4C2BD64CE8CCF9854DB6BC4A42B702 BaseClass: NativeClass:/Script/Engine.StaticMeshActor Name:StaticMeshActor_UAID_9C7BEF28E63F28D001_1797563854 Label:iron-fence-border_iron_fence_border5 SpatiallyLoaded:1 Bounds:IsValid=true, Min=(X=3360.000 Y=4800.000 Z=0.000), Max=(X=3370.000 Y=4900.000 Z=82.390) RuntimeGrid:None EditorOnly:0 RuntimeOnly:0 HLODRelevant:1 ListedInSceneOutliner:1 IsMainWorldOnly:0
 |   |   |- Guid:56777ED947141543B969FCAB3C2B0C3E BaseClass: NativeClass:/Script/Engine.StaticMeshActor Name:StaticMeshActor_UAID_9C7BEF28E63F28D001_1898845871 Label:iron-fence-border_iron_fence_border13 SpatiallyLoaded:1 Bounds:IsValid=true, Min=(X=3850.000 Y=4900.000 Z=0.000), Max=(X=3860.000 Y=5000.000 Z=82.390) RuntimeGrid:None EditorOnly:0 RuntimeOnly:0 HLODRelevant:1 ListedInSceneOutliner:1 IsMainWorldOnly:0
 |   |   |- Guid:57295599486F72D6561330AFD9EDA21A BaseClass: NativeClass:/Script/Engine.StaticMeshActor Name:StaticMeshActor_UAID_9C7BEF28E63F29D001_1204891067 Label:bench4 SpatiallyLoaded:1 Bounds:IsValid=true, Min=(X=3382.137 Y=4477.796 Z=0.000), Max=(X=3419.720 Y=4554.746 Z=54.895) RuntimeGrid:None EditorOnly:0 RuntimeOnly:0 HLODRelevant:1 ListedInSceneOutliner:1 IsMainWorldOnly:0
 |   |   |- Guid:57903366412CC7B54B6FC39C4FD22083 BaseClass: NativeClass:/Script/Engine.StaticMeshActor Name:StaticMeshActor_UAID_9C7BEF28E63F28D001_1938581879 Label:pine-fall-crooked_pine_fall_crooked SpatiallyLoaded:1 Bounds:IsValid=true, Min=(X=3712.995 Y=4353.272 Z=0.000), Max=(X=3830.381 Y=4486.728 Z=203.804) RuntimeGrid:None EditorOnly:0 RuntimeOnly:0 HLODRelevant:1 ListedInSceneOutliner:1 IsMainWorldOnly:0
 |   |   |- Guid:5EDC383F4A101D15DDD2B8A69658405A BaseClass: NativeClass:/Script/Engine.StaticMeshActor Name:StaticMeshActor_UAID_9C7BEF28E63F28D001_1797562853 Label:iron-fence-border_iron_fence_border4 SpatiallyLoaded:1 Bounds:IsValid=true, Min=(X=3360.000 Y=4900.000 Z=0.000), Max=(X=3370.000 Y=5000.000 Z=82.390) RuntimeGrid:None EditorOnly:0 RuntimeOnly:0 HLODRelevant:1 ListedInSceneOutliner:1 IsMainWorldOnly:0
 |   |   |- Guid:6086F885457648C961A3E6A9F587A4F5 BaseClass: NativeClass:/Script/Engine.StaticMeshActor Name:StaticMeshActor_UAID_9C7BEF28E63F28D001_1950071881 Label:pine_pine SpatiallyLoaded:1 Bounds:IsValid=true, Min=(X=3541.100 Y=4933.272 Z=0.000), Max=(X=3658.900 Y=5066.728 Z=228.985) RuntimeGrid:None EditorOnly:0 RuntimeOnly:0 HLODRelevant:1 ListedInSceneOutliner:1 IsMainWorldOnly:0
 |   |   |- Guid:61D983B7485E8169EEFDB5AE6C038252 BaseClass: NativeClass:/Script/Engine.StaticMeshActor Name:StaticMeshActor_5 Label:SM_Cube2 SpatiallyLoaded:1 Bounds:IsValid=true, Min=(X=0.000 Y=0.000 Z=0.000), Max=(X=10000.000 Y=100.000 Z=400.000) RuntimeGrid:None EditorOnly:0 RuntimeOnly:0 HLODRelevant:1 ListedInSceneOutliner:1 IsMainWorldOnly:0 FolderPath:Playground FolderGuid:C73F09FC4215536B1DCE2A9E0A830C70
 |   |   |- Guid:63682B7F49EB549F683E248ED17B2961 BaseClass: NativeClass:/Script/Engine.StaticMeshActor Name:StaticMeshActor_UAID_9C7BEF28E63F29D001_1204893069 Label:bench6 SpatiallyLoaded:1 Bounds:IsValid=true, Min=(X=3382.137 Y=4296.145 Z=0.000), Max=(X=3419.720 Y=4373.095 Z=54.895) RuntimeGrid:None EditorOnly:0 RuntimeOnly:0 HLODRelevant:1 ListedInSceneOutliner:1 IsMainWorldOnly:0
 |   |   |- Guid:6EE9B8924D1D90F2D5AC359FCF5736C9 BaseClass: NativeClass:/Script/Engine.StaticMeshActor Name:StaticMeshActor_UAID_9C7BEF28E63F28D001_1901641875 Label:iron-fence-border_iron_fence_border17 SpatiallyLoaded:1 Bounds:IsValid=true, Min=(X=3850.000 Y=4400.000 Z=0.000), Max=(X=3860.000 Y=4500.000 Z=82.390) RuntimeGrid:None EditorOnly:0 RuntimeOnly:0 HLODRelevant:1 ListedInSceneOutliner:1 IsMainWorldOnly:0
 |   |   |- Guid:70E4D92247F5F2BED8F9EE8B2D4CA45D BaseClass: NativeClass:/Script/Engine.StaticMeshActor Name:StaticMeshActor_UAID_9C7BEF28E63F28D001_2073667884 Label:iron-fence-border-column_iron_fence_border_column SpatiallyLoaded:1 Bounds:IsValid=true, Min=(X=3359.971 Y=4499.086 Z=0.000), Max=(X=3369.971 Y=4599.086 Z=82.390) RuntimeGrid:None EditorOnly:0 RuntimeOnly:0 HLODRelevant:1 ListedInSceneOutliner:1 IsMainWorldOnly:0
 |   |   |- Guid:71A11D954B5924D63066EA9B53E35137 BaseClass: NativeClass:/Script/Engine.StaticMeshActor Name:StaticMeshActor_UAID_9C7BEF28E63F29D001_1154153062 Label:lantern-candle_lantern_candle SpatiallyLoaded:1 Bounds:IsValid=true, Min=(X=3357.553 Y=4586.846 Z=82.390), Max=(X=3372.144 Y=4601.437 Z=111.620) RuntimeGrid:None EditorOnly:0 RuntimeOnly:0 HLODRelevant:1 ListedInSceneOutliner:1 IsMainWorldOnly:0
 |   |   |- Guid:781166A744497FC8A392938500F73AE0 BaseClass: NativeClass:/Script/Engine.DirectionalLight Name:DirectionalLight_0 Label:DirectionalLight SpatiallyLoaded:0 Bounds:IsValid=true, Min=(X=-4398046511104.000 Y=-4398046511104.000 Z=-4398046511104.000), Max=(X=4398046511104.000 Y=4398046511104.000 Z=4398046511104.000) RuntimeGrid:None EditorOnly:0 RuntimeOnly:0 HLODRelevant:0 ListedInSceneOutliner:1 IsMainWorldOnly:0 FolderPath:Lighting FolderGuid:963EC3EB4002CCE9759E2EBA541A873A
 |   |   |- Guid:78502D214510CD540FD30DB53E9F33F4 BaseClass: NativeClass:/Script/Engine.StaticMeshActor Name:StaticMeshActor_UAID_9C7BEF28E63F28D001_1942913880 Label:pine-fall_pine_fall SpatiallyLoaded:1 Bounds:IsValid=true, Min=(X=3441.100 Y=4893.272 Z=0.000), Max=(X=3558.900 Y=5026.728 Z=228.985) RuntimeGrid:None EditorOnly:0 RuntimeOnly:0 HLODRelevant:1 ListedInSceneOutliner:1 IsMainWorldOnly:0
 |   |   |- Guid:7888C0384F81C5F736EA84A5AA172E07 BaseClass: NativeClass:/Script/Engine.StaticMeshActor Name:StaticMeshActor_UAID_9C7BEF28E63F28D001_1901642876 Label:iron-fence-border_iron_fence_border18 SpatiallyLoaded:1 Bounds:IsValid=true, Min=(X=3850.000 Y=4300.000 Z=0.000), Max=(X=3860.000 Y=4400.000 Z=82.390) RuntimeGrid:None EditorOnly:0 RuntimeOnly:0 HLODRelevant:1 ListedInSceneOutliner:1 IsMainWorldOnly:0
 |   |   |- Guid:7ABBB9154321FE797AAA969DC0120A6A BaseClass: NativeClass:/Script/Engine.StaticMeshActor Name:StaticMeshActor_1 Label:SM_Cube SpatiallyLoaded:1 Bounds:IsValid=true, Min=(X=0.000 Y=0.000 Z=-50.000), Max=(X=10000.000 Y=10500.000 Z=0.000) RuntimeGrid:None EditorOnly:0 RuntimeOnly:0 HLODRelevant:1 ListedInSceneOutliner:1 IsMainWorldOnly:0 FolderPath:Playground FolderGuid:C73F09FC4215536B1DCE2A9E0A830C70
 |   |   |- Guid:7BEBB14B4EEDBE72B895279264D62D5B BaseClass: NativeClass:/Script/Engine.StaticMeshActor Name:StaticMeshActor_UAID_9C7BEF28E63F28D001_1840837864 Label:iron-fence-border_iron_fence_border8 SpatiallyLoaded:1 Bounds:IsValid=true, Min=(X=3560.000 Y=4200.000 Z=0.000), Max=(X=3660.000 Y=4210.000 Z=82.390) RuntimeGrid:None EditorOnly:0 RuntimeOnly:0 HLODRelevant:1 ListedInSceneOutliner:1 IsMainWorldOnly:0
 |   |   |- Guid:7C11ADE945E7FC626975EAA6820194FB BaseClass: NativeClass:/Script/Engine.StaticMeshActor Name:StaticMeshActor_UAID_9C7BEF28E63F28D001_1854668867 Label:iron-fence-border_iron_fence_border11 SpatiallyLoaded:1 Bounds:IsValid=true, Min=(X=3560.000 Y=5090.000 Z=0.000), Max=(X=3660.000 Y=5100.000 Z=82.390) RuntimeGrid:None EditorOnly:0 RuntimeOnly:0 HLODRelevant:1 ListedInSceneOutliner:1 IsMainWorldOnly:0
 |   |   |- Guid:8DB12AD145AC08323AA437A54C3FAD82 BaseClass: NativeClass:/Script/Engine.StaticMeshActor Name:StaticMeshActor_UAID_9C7BEF28E63F29D001_1191316065 Label:bench2 SpatiallyLoaded:1 Bounds:IsValid=true, Min=(X=3792.724 Y=4792.722 Z=0.000), Max=(X=3830.307 Y=4869.672 Z=54.895) RuntimeGrid:None EditorOnly:0 RuntimeOnly:0 HLODRelevant:1 ListedInSceneOutliner:1 IsMainWorldOnly:0
 |   |   |- Guid:9CBA90A94233A219F06F529D37DDA968 BaseClass: NativeClass:/Script/Engine.StaticMeshActor Name:StaticMeshActor_4 Label:SM_Cube6 SpatiallyLoaded:1 Bounds:IsValid=true, Min=(X=9840.000 Y=100.000 Z=0.000), Max=(X=9940.000 Y=10600.000 Z=400.000) RuntimeGrid:None EditorOnly:0 RuntimeOnly:0 HLODRelevant:1 ListedInSceneOutliner:1 IsMainWorldOnly:0 FolderPath:Playground FolderGuid:C73F09FC4215536B1DCE2A9E0A830C70
 |   |   |- Guid:9E5C149C42C19DCA9ECB5C8813269FF8 BaseClass: NativeClass:/Script/Engine.StaticMeshActor Name:StaticMeshActor_UAID_9C7BEF28E63F28D001_1741373848 Label:iron-fence-border_iron_fence_border2 SpatiallyLoaded:1 Bounds:IsValid=true, Min=(X=3360.000 Y=4400.000 Z=0.000), Max=(X=3370.000 Y=4500.000 Z=82.390) RuntimeGrid:None EditorOnly:0 RuntimeOnly:0 HLODRelevant:1 ListedInSceneOutliner:1 IsMainWorldOnly:0
 |   |   |- Guid:A1E68608421312810BB02EA1B4F261B0 BaseClass: NativeClass:/Script/Engine.StaticMeshActor Name:StaticMeshActor_UAID_A4AE111137DC5EFB00_1110535423 Label:SM_SkySphere SpatiallyLoaded:0 Bounds:IsValid=true, Min=(X=-1638400.000 Y=-1638400.000 Z=-1638400.000), Max=(X=1638400.000 Y=1638400.000 Z=1638400.000) RuntimeGrid:None EditorOnly:0 RuntimeOnly:0 HLODRelevant:1 ListedInSceneOutliner:1 IsMainWorldOnly:0 FolderPath:Lighting FolderGuid:963EC3EB4002CCE9759E2EBA541A873A
 |   |   |- Guid:A29CA9844E859F0C901508A7DE3413F8 BaseClass: NativeClass:/Script/Engine.StaticMeshActor Name:StaticMeshActor_UAID_9C7BEF28E63F28D001_2101853885 Label:iron-fence-border-column_iron_fence_border_column2 SpatiallyLoaded:1 Bounds:IsValid=true, Min=(X=3360.023 Y=4701.973 Z=0.000), Max=(X=3370.023 Y=4801.973 Z=82.390) RuntimeGrid:None EditorOnly:0 RuntimeOnly:0 HLODRelevant:1 ListedInSceneOutliner:1 IsMainWorldOnly:0
 |   |   |- Guid:B0D142F7431B60F015E151A3D1BD727F BaseClass: NativeClass:/Script/Engine.WorldDataLayers Name:WorldDataLayers Label:WorldDataLayers SpatiallyLoaded:0 Bounds:Invalid RuntimeGrid:None EditorOnly:0 RuntimeOnly:0 HLODRelevant:0 ListedInSceneOutliner:1 IsMainWorldOnly:1
 |   |   |- Guid:BC9E5F24433BDC60683A70AC4FEF793A BaseClass: NativeClass:/Script/Engine.StaticMeshActor Name:StaticMeshActor_UAID_9C7BEF28E63F29D001_1180658064 Label:bench SpatiallyLoaded:1 Bounds:IsValid=true, Min=(X=3792.724 Y=4701.467 Z=0.000), Max=(X=3830.307 Y=4778.417 Z=54.895) RuntimeGrid:None EditorOnly:0 RuntimeOnly:0 HLODRelevant:1 ListedInSceneOutliner:1 IsMainWorldOnly:0
 |   |   |- Guid:C08D56224C10904736F1F9A123E083C5 BaseClass: NativeClass:/Script/NavigationSystem.RecastNavMesh Name:RecastNavMesh_UAID_9C7BEF28E63F91CE01-Default Label:RecastNavMesh-Default SpatiallyLoaded:0 Bounds:IsValid=true, Min=(X=0.000 Y=0.000 Z=0.000), Max=(X=0.000 Y=0.000 Z=0.000) RuntimeGrid:None EditorOnly:0 RuntimeOnly:0 HLODRelevant:0 ListedInSceneOutliner:1 IsMainWorldOnly:0
 |   |   |- Guid:C2BA195F45F9D2B0AB4DB5A4EE6A0A81 BaseClass: NativeClass:/Script/Engine.StaticMeshActor Name:StaticMeshActor_UAID_9C7BEF28E63F28D001_1907762877 Label:iron-fence-border_iron_fence_border19 SpatiallyLoaded:1 Bounds:IsValid=true, Min=(X=3850.000 Y=4600.000 Z=0.000), Max=(X=3860.000 Y=4700.000 Z=82.390) RuntimeGrid:None EditorOnly:0 RuntimeOnly:0 HLODRelevant:1 ListedInSceneOutliner:1 IsMainWorldOnly:0
 |   |   |- Guid:C9184FB64D7CDBA86A036890B17BFF1D BaseClass: NativeClass:/Script/Engine.StaticMeshActor Name:StaticMeshActor_UAID_9C7BEF28E63F28D001_1840838865 Label:iron-fence-border_iron_fence_border9 SpatiallyLoaded:1 Bounds:IsValid=true, Min=(X=3660.000 Y=4200.000 Z=0.000), Max=(X=3760.000 Y=4210.000 Z=82.390) RuntimeGrid:None EditorOnly:0 RuntimeOnly:0 HLODRelevant:1 ListedInSceneOutliner:1 IsMainWorldOnly:0
 |   |   |- Guid:CAE03DAB4B83996C1F44988F5F0DA232 BaseClass: NativeClass:/Script/Engine.StaticMeshActor Name:StaticMeshActor_UAID_9C7BEF28E63F29D001_1204892068 Label:bench5 SpatiallyLoaded:1 Bounds:IsValid=true, Min=(X=3382.137 Y=4386.541 Z=0.000), Max=(X=3419.720 Y=4463.491 Z=54.895) RuntimeGrid:None EditorOnly:0 RuntimeOnly:0 HLODRelevant:1 ListedInSceneOutliner:1 IsMainWorldOnly:0
 |   |   |- Guid:D1D35751457F26C5A8EDB08261E13E19 BaseClass: NativeClass:/Script/Engine.TextRenderActor Name:TextRenderActor_1 Label:TextRenderActor SpatiallyLoaded:1 Bounds:IsValid=true, Min=(X=-0.100 Y=1100.000 Z=65.013), Max=(X=-0.100 Y=2392.308 Z=215.013) RuntimeGrid:None EditorOnly:0 RuntimeOnly:0 HLODRelevant:0 ListedInSceneOutliner:1 IsMainWorldOnly:0
 |   |   |- Guid:D6D8CF9C4694699B393AB9932A99A7A2 BaseClass: NativeClass:/Script/Engine.StaticMeshActor Name:StaticMeshActor_UAID_9C7BEF28E63F28D001_1932570878 Label:pine-crooked_pine_crooked SpatiallyLoaded:1 Bounds:IsValid=true, Min=(X=3692.995 Y=4243.272 Z=0.000), Max=(X=3810.381 Y=4376.728 Z=203.804) RuntimeGrid:None EditorOnly:0 RuntimeOnly:0 HLODRelevant:1 ListedInSceneOutliner:1 IsMainWorldOnly:0
 |   |   |- Guid:DB66FBE04DBB85C36813209A22DA490D BaseClass: NativeClass:/Script/Engine.SkyLight Name:SkyLight_1 Label:SkyLight SpatiallyLoaded:0 Bounds:IsValid=true, Min=(X=0.000 Y=0.000 Z=690.000), Max=(X=0.000 Y=0.000 Z=690.000) RuntimeGrid:None EditorOnly:0 RuntimeOnly:0 HLODRelevant:0 ListedInSceneOutliner:1 IsMainWorldOnly:0 FolderPath:Lighting FolderGuid:963EC3EB4002CCE9759E2EBA541A873A
 |   |   |- Guid:E15E949F4156F05B43CA7799F07BE8B7 BaseClass: NativeClass:/Script/Engine.StaticMeshActor Name:StaticMeshActor_UAID_9C7BEF28E63F28D001_1898847872 Label:iron-fence-border_iron_fence_border14 SpatiallyLoaded:1 Bounds:IsValid=true, Min=(X=3850.000 Y=4800.000 Z=0.000), Max=(X=3860.000 Y=4900.000 Z=82.390) RuntimeGrid:None EditorOnly:0 RuntimeOnly:0 HLODRelevant:1 ListedInSceneOutliner:1 IsMainWorldOnly:0
 |   |   |- Guid:E8E13F90418FC26E9F4B2EB520D26070 BaseClass: NativeClass:/Script/Engine.StaticMeshActor Name:StaticMeshActor_UAID_9C7BEF28E63F28D001_1854670868 Label:iron-fence-border_iron_fence_border12 SpatiallyLoaded:1 Bounds:IsValid=true, Min=(X=3660.000 Y=5090.000 Z=0.000), Max=(X=3760.000 Y=5100.000 Z=82.390) RuntimeGrid:None EditorOnly:0 RuntimeOnly:0 HLODRelevant:1 ListedInSceneOutliner:1 IsMainWorldOnly:0
 |   |   |- Guid:EB0DDF2941ADC5770BB0EF9C440974C0 BaseClass: NativeClass:/Script/Engine.StaticMeshActor Name:StaticMeshActor_UAID_9C7BEF28E63F28D001_1898848873 Label:iron-fence-border_iron_fence_border15 SpatiallyLoaded:1 Bounds:IsValid=true, Min=(X=3850.000 Y=4700.000 Z=0.000), Max=(X=3860.000 Y=4800.000 Z=82.390) RuntimeGrid:None EditorOnly:0 RuntimeOnly:0 HLODRelevant:1 ListedInSceneOutliner:1 IsMainWorldOnly:0
 |   |   |- Guid:EF4F93FC446669385767559B3E89DDF8 BaseClass: NativeClass:/Script/Engine.PlayerStart Name:PlayerStart_0 Label:PlayerStart SpatiallyLoaded:0 Bounds:IsValid=true, Min=(X=3028.866 Y=4608.032 Z=0.013), Max=(X=3108.866 Y=4688.032 Z=184.013) RuntimeGrid:None EditorOnly:0 RuntimeOnly:0 HLODRelevant:0 ListedInSceneOutliner:1 IsMainWorldOnly:0
 |   |   |- Guid:F04C2CF141C0B71847DEA48EC59F4EBC BaseClass: NativeClass:/Script/Engine.StaticMeshActor Name:StaticMeshActor_UAID_9C7BEF28E63F29D001_1193493066 Label:bench3 SpatiallyLoaded:1 Bounds:IsValid=true, Min=(X=3792.724 Y=4883.118 Z=0.000), Max=(X=3830.307 Y=4960.068 Z=54.895) RuntimeGrid:None EditorOnly:0 RuntimeOnly:0 HLODRelevant:1 ListedInSceneOutliner:1 IsMainWorldOnly:0
 |   |   |- Guid:F0834FD248E46334451EF5944D9F577E BaseClass: NativeClass:/Script/Engine.ExponentialHeightFog Name:ExponentialHeightFog_0 Label:ExponentialHeightFog SpatiallyLoaded:0 Bounds:IsValid=true, Min=(X=-5600.000 Y=-50.000 Z=-6850.000), Max=(X=-5600.000 Y=-50.000 Z=-6850.000) RuntimeGrid:None EditorOnly:0 RuntimeOnly:0 HLODRelevant:0 ListedInSceneOutliner:1 IsMainWorldOnly:0 FolderPath:Lighting FolderGuid:963EC3EB4002CCE9759E2EBA541A873A
 |   |   |- Guid:F20A4CBF4E07730506775888739CA5B5 BaseClass: NativeClass:/Script/Engine.StaticMeshActor Name:StaticMeshActor_0 Label:SM_Cube5 SpatiallyLoaded:1 Bounds:IsValid=true, Min=(X=-0.000 Y=100.000 Z=0.000), Max=(X=100.000 Y=10600.000 Z=400.000) RuntimeGrid:None EditorOnly:0 RuntimeOnly:0 HLODRelevant:1 ListedInSceneOutliner:1 IsMainWorldOnly:0 FolderPath:Playground FolderGuid:C73F09FC4215536B1DCE2A9E0A830C70
 |   |   |- Guid:F442F38D40A1F73B0489BCA8109AC139 BaseClass: NativeClass:/Script/Engine.StaticMeshActor Name:StaticMeshActor_UAID_9C7BEF28E63F28D001_1854666866 Label:iron-fence-border_iron_fence_border10 SpatiallyLoaded:1 Bounds:IsValid=true, Min=(X=3460.000 Y=5090.000 Z=0.000), Max=(X=3560.000 Y=5100.000 Z=82.390) RuntimeGrid:None EditorOnly:0 RuntimeOnly:0 HLODRelevant:1 ListedInSceneOutliner:1 IsMainWorldOnly:0
 |   |   |- Guid:FBD47FE547918098F3745EAF963EFB6A BaseClass: NativeClass:/Script/Engine.StaticMeshActor Name:StaticMeshActor_UAID_9C7BEF28E63F28D001_1886536870 Label:iron-fence-border-curve_iron_fence_border_curve4 SpatiallyLoaded:1 Bounds:IsValid=true, Min=(X=3760.000 Y=5000.000 Z=0.000), Max=(X=3860.000 Y=5100.000 Z=82.390) RuntimeGrid:None EditorOnly:0 RuntimeOnly:0 HLODRelevant:1 ListedInSceneOutliner:1 IsMainWorldOnly:0
 |   |   |- Guid:FD702FA540569C2F03329184C36CB753 BaseClass: NativeClass:/Script/Engine.StaticMeshActor Name:StaticMeshActor_UAID_9C7BEF28E63F28D001_1773168851 Label:iron-fence-border-curve_iron_fence_border_curve SpatiallyLoaded:1 Bounds:IsValid=true, Min=(X=3360.000 Y=4200.000 Z=0.000), Max=(X=3460.000 Y=4300.000 Z=82.390) RuntimeGrid:None EditorOnly:0 RuntimeOnly:0 HLODRelevant:1 ListedInSceneOutliner:1 IsMainWorldOnly:0
 |   |- [+] Clusters:
 |   |   |- [+] [  0]
 |   |   |   |- Guid:026AB130429EC67C1805D88AD05BF860 BaseClass: NativeClass:/Script/Engine.StaticMeshActor Name:StaticMeshActor_UAID_9C7BEF28E63F29D001_1225185070 Label:cross-wood_cross_wood SpatiallyLoaded:1 Bounds:IsValid=true, Min=(X=3556.886 Y=4379.066 Z=-0.000), Max=(X=3599.886 Y=4422.066 Z=106.480) RuntimeGrid:None EditorOnly:0 RuntimeOnly:0 HLODRelevant:1 ListedInSceneOutliner:1 IsMainWorldOnly:0
 |   |   |- [+] [  1]
 |   |   |   |- Guid:07FDB64B4AD88C97A5CB118F6D2999E0 BaseClass: NativeClass:/Script/Engine.StaticMeshActor Name:StaticMeshActor_UAID_9C7BEF28E63F29D001_1242723071 Label:cross-column_cross_column SpatiallyLoaded:1 Bounds:IsValid=true, Min=(X=3553.480 Y=4449.552 Z=-0.000), Max=(X=3593.480 Y=4489.552 Z=142.480) RuntimeGrid:None EditorOnly:0 RuntimeOnly:0 HLODRelevant:1 ListedInSceneOutliner:1 IsMainWorldOnly:0
 |   |   |- [+] [  2]
 |   |   |   |- Guid:096EFA0A4ADD4F6B60E57D94291F2221 BaseClass: NativeClass:/Script/Engine.StaticMeshActor Name:StaticMeshActor_UAID_9C7BEF28E63F29D001_1256027072 Label:cross-column_cross_column2 SpatiallyLoaded:1 Bounds:IsValid=true, Min=(X=3553.480 Y=4305.443 Z=-0.000), Max=(X=3593.480 Y=4345.443 Z=142.480) RuntimeGrid:None EditorOnly:0 RuntimeOnly:0 HLODRelevant:1 ListedInSceneOutliner:1 IsMainWorldOnly:0
 |   |   |- [+] [  3]
 |   |   |   |- Guid:0F8EA9FC4A15D27B391803B467098A70 BaseClass: NativeClass:/Script/Engine.StaticMeshActor Name:StaticMeshActor_6 Label:SM_Cube3 SpatiallyLoaded:1 Bounds:IsValid=true, Min=(X=0.000 Y=10480.000 Z=0.000), Max=(X=10000.000 Y=10580.000 Z=400.000) RuntimeGrid:None EditorOnly:0 RuntimeOnly:0 HLODRelevant:1 ListedInSceneOutliner:1 IsMainWorldOnly:0 FolderPath:Playground FolderGuid:C73F09FC4215536B1DCE2A9E0A830C70
 |   |   |- [+] [  4]
 |   |   |   |- Guid:122625674256AB9556FDA39075B8940B BaseClass: NativeClass:/Script/Engine.StaticMeshActor Name:StaticMeshActor_UAID_9C7BEF28E63F28D001_1840835863 Label:iron-fence-border_iron_fence_border7 SpatiallyLoaded:1 Bounds:IsValid=true, Min=(X=3460.000 Y=4200.000 Z=0.000), Max=(X=3560.000 Y=4210.000 Z=82.390) RuntimeGrid:None EditorOnly:0 RuntimeOnly:0 HLODRelevant:1 ListedInSceneOutliner:1 IsMainWorldOnly:0
 |   |   |- [+] [  5]
 |   |   |   |- Guid:1B4702194DC74A885D58A4A2584E2ADF BaseClass: NativeClass:/Script/Engine.StaticMeshActor Name:StaticMeshActor_UAID_9C7BEF28E63F28D001_1870374869 Label:iron-fence-border-curve_iron_fence_border_curve3 SpatiallyLoaded:1 Bounds:IsValid=true, Min=(X=3760.000 Y=4200.000 Z=0.000), Max=(X=3860.000 Y=4300.000 Z=82.390) RuntimeGrid:None EditorOnly:0 RuntimeOnly:0 HLODRelevant:1 ListedInSceneOutliner:1 IsMainWorldOnly:0
 |   |   |- [+] [  6]
 |   |   |   |- Guid:1D7A09A541D67A4D509021AC0ED45A35 BaseClass: NativeClass:/Script/Engine.SkyAtmosphere Name:SkyAtmosphere_0 Label:SkyAtmosphere SpatiallyLoaded:0 Bounds:IsValid=true, Min=(X=0.000 Y=0.000 Z=1020.000), Max=(X=0.000 Y=0.000 Z=1020.000) RuntimeGrid:None EditorOnly:0 RuntimeOnly:0 HLODRelevant:0 ListedInSceneOutliner:1 IsMainWorldOnly:0 FolderPath:Lighting FolderGuid:963EC3EB4002CCE9759E2EBA541A873A
 |   |   |- [+] [  7]
 |   |   |   |- Guid:2277293B43BB7B60B23D0C8ACE682A75 BaseClass: NativeClass:/Script/Engine.StaticMeshActor Name:StaticMeshActor_UAID_9C7BEF28E63F28D001_1743984849 Label:iron-fence-border_iron_fence_border3 SpatiallyLoaded:1 Bounds:IsValid=true, Min=(X=3360.000 Y=4300.000 Z=0.000), Max=(X=3370.000 Y=4400.000 Z=82.390) RuntimeGrid:None EditorOnly:0 RuntimeOnly:0 HLODRelevant:1 ListedInSceneOutliner:1 IsMainWorldOnly:0
 |   |   |- [+] [  8]
 |   |   |   |- Guid:2A4B28BB415787668317B09657450B2C BaseClass: NativeClass:/Script/Engine.PostProcessVolume Name:PostProcessVolume_0 Label:PostProcessVolume SpatiallyLoaded:0 Bounds:IsValid=true, Min=(X=0.000 Y=0.000 Z=400.000), Max=(X=200.000 Y=200.000 Z=600.000) RuntimeGrid:None EditorOnly:0 RuntimeOnly:0 HLODRelevant:0 ListedInSceneOutliner:1 IsMainWorldOnly:0 FolderPath:Lighting FolderGuid:963EC3EB4002CCE9759E2EBA541A873A
 |   |   |- [+] [  9]
 |   |   |   |- Guid:30ADE78B4739B344F3C83BAC8C3B988B BaseClass: NativeClass:/Script/Engine.StaticMeshActor Name:StaticMeshActor_UAID_9C7BEF28E63F28D001_1901639874 Label:iron-fence-border_iron_fence_border16 SpatiallyLoaded:1 Bounds:IsValid=true, Min=(X=3850.000 Y=4500.000 Z=0.000), Max=(X=3860.000 Y=4600.000 Z=82.390) RuntimeGrid:None EditorOnly:0 RuntimeOnly:0 HLODRelevant:1 ListedInSceneOutliner:1 IsMainWorldOnly:0
 |   |   |- [+] [ 10]
 |   |   |   |- Guid:359573AF493D3FB0F2CECE922890536B BaseClass: NativeClass:/Script/Engine.StaticMeshActor Name:StaticMeshActor_UAID_9C7BEF28E63F28D001_1806011856 Label:iron-fence-border-curve_iron_fence_border_curve2 SpatiallyLoaded:1 Bounds:IsValid=true, Min=(X=3360.000 Y=5000.000 Z=0.000), Max=(X=3460.000 Y=5100.000 Z=82.390) RuntimeGrid:None EditorOnly:0 RuntimeOnly:0 HLODRelevant:1 ListedInSceneOutliner:1 IsMainWorldOnly:0
 |   |   |- [+] [ 11]
 |   |   |   |- Guid:3FADF0D34107D0E6738D7491851E902D BaseClass: NativeClass:/Script/Engine.StaticMeshActor Name:StaticMeshActor_UAID_9C7BEF28E63F29D001_1161725063 Label:lantern-candle_lantern_candle2 SpatiallyLoaded:1 Bounds:IsValid=true, Min=(X=3357.553 Y=4699.158 Z=82.390), Max=(X=3372.144 Y=4713.749 Z=111.620) RuntimeGrid:None EditorOnly:0 RuntimeOnly:0 HLODRelevant:1 ListedInSceneOutliner:1 IsMainWorldOnly:0
 |   |   |- [+] [ 12]
 |   |   |   |- Guid:43B410DB4540C74D3218BC8471F7C64A BaseClass:/Game/TopDownShooter/BP_Shop.BP_Shop_C NativeClass:/Script/Engine.Actor Name:BP_Shop_C_UAID_842AFD1526492CCF01_1125603495 Label:BP_Shop SpatiallyLoaded:1 Bounds:IsValid=true, Min=(X=3570.000 Y=4600.000 Z=-10.000), Max=(X=3670.000 Y=4700.000 Z=90.000) RuntimeGrid:None EditorOnly:0 RuntimeOnly:0 HLODRelevant:0 ListedInSceneOutliner:1 IsMainWorldOnly:0
 |   |   |- [+] [ 13]
 |   |   |   |- Guid:467DB4CE4AD492170E5E13A6F82CD700 BaseClass: NativeClass:/Script/Engine.VolumetricCloud Name:VolumetricCloud_0 Label:VolumetricCloud SpatiallyLoaded:0 Bounds:IsValid=true, Min=(X=0.000 Y=0.000 Z=820.000), Max=(X=0.000 Y=0.000 Z=820.000) RuntimeGrid:None EditorOnly:0 RuntimeOnly:0 HLODRelevant:0 ListedInSceneOutliner:1 IsMainWorldOnly:0 FolderPath:Lighting FolderGuid:963EC3EB4002CCE9759E2EBA541A873A
 |   |   |- [+] [ 14]
 |   |   |   |- Guid:4904E7CC4D6242FA72BEAD9EAFAE5139 BaseClass: NativeClass:/Script/NavigationSystem.NavMeshBoundsVolume Name:NavMeshBoundsVolume_UAID_9C7BEF28E63F91CE01_1779230216 Label:NavMeshBoundsVolume SpatiallyLoaded:0 Bounds:IsValid=true, Min=(X=-2060.000 Y=-2180.000 Z=-100.000), Max=(X=13940.000 Y=13820.000 Z=100.000) RuntimeGrid:None EditorOnly:0 RuntimeOnly:0 HLODRelevant:0 ListedInSceneOutliner:1 IsMainWorldOnly:0
 |   |   |- [+] [ 15]
 |   |   |   |- Guid:4B4C2BD64CE8CCF9854DB6BC4A42B702 BaseClass: NativeClass:/Script/Engine.StaticMeshActor Name:StaticMeshActor_UAID_9C7BEF28E63F28D001_1797563854 Label:iron-fence-border_iron_fence_border5 SpatiallyLoaded:1 Bounds:IsValid=true, Min=(X=3360.000 Y=4800.000 Z=0.000), Max=(X=3370.000 Y=4900.000 Z=82.390) RuntimeGrid:None EditorOnly:0 RuntimeOnly:0 HLODRelevant:1 ListedInSceneOutliner:1 IsMainWorldOnly:0
 |   |   |- [+] [ 16]
 |   |   |   |- Guid:56777ED947141543B969FCAB3C2B0C3E BaseClass: NativeClass:/Script/Engine.StaticMeshActor Name:StaticMeshActor_UAID_9C7BEF28E63F28D001_1898845871 Label:iron-fence-border_iron_fence_border13 SpatiallyLoaded:1 Bounds:IsValid=true, Min=(X=3850.000 Y=4900.000 Z=0.000), Max=(X=3860.000 Y=5000.000 Z=82.390) RuntimeGrid:None EditorOnly:0 RuntimeOnly:0 HLODRelevant:1 ListedInSceneOutliner:1 IsMainWorldOnly:0
 |   |   |- [+] [ 17]
 |   |   |   |- Guid:57295599486F72D6561330AFD9EDA21A BaseClass: NativeClass:/Script/Engine.StaticMeshActor Name:StaticMeshActor_UAID_9C7BEF28E63F29D001_1204891067 Label:bench4 SpatiallyLoaded:1 Bounds:IsValid=true, Min=(X=3382.137 Y=4477.796 Z=0.000), Max=(X=3419.720 Y=4554.746 Z=54.895) RuntimeGrid:None EditorOnly:0 RuntimeOnly:0 HLODRelevant:1 ListedInSceneOutliner:1 IsMainWorldOnly:0
 |   |   |- [+] [ 18]
 |   |   |   |- Guid:57903366412CC7B54B6FC39C4FD22083 BaseClass: NativeClass:/Script/Engine.StaticMeshActor Name:StaticMeshActor_UAID_9C7BEF28E63F28D001_1938581879 Label:pine-fall-crooked_pine_fall_crooked SpatiallyLoaded:1 Bounds:IsValid=true, Min=(X=3712.995 Y=4353.272 Z=0.000), Max=(X=3830.381 Y=4486.728 Z=203.804) RuntimeGrid:None EditorOnly:0 RuntimeOnly:0 HLODRelevant:1 ListedInSceneOutliner:1 IsMainWorldOnly:0
 |   |   |- [+] [ 19]
 |   |   |   |- Guid:5EDC383F4A101D15DDD2B8A69658405A BaseClass: NativeClass:/Script/Engine.StaticMeshActor Name:StaticMeshActor_UAID_9C7BEF28E63F28D001_1797562853 Label:iron-fence-border_iron_fence_border4 SpatiallyLoaded:1 Bounds:IsValid=true, Min=(X=3360.000 Y=4900.000 Z=0.000), Max=(X=3370.000 Y=5000.000 Z=82.390) RuntimeGrid:None EditorOnly:0 RuntimeOnly:0 HLODRelevant:1 ListedInSceneOutliner:1 IsMainWorldOnly:0
 |   |   |- [+] [ 20]
 |   |   |   |- Guid:6086F885457648C961A3E6A9F587A4F5 BaseClass: NativeClass:/Script/Engine.StaticMeshActor Name:StaticMeshActor_UAID_9C7BEF28E63F28D001_1950071881 Label:pine_pine SpatiallyLoaded:1 Bounds:IsValid=true, Min=(X=3541.100 Y=4933.272 Z=0.000), Max=(X=3658.900 Y=5066.728 Z=228.985) RuntimeGrid:None EditorOnly:0 RuntimeOnly:0 HLODRelevant:1 ListedInSceneOutliner:1 IsMainWorldOnly:0
 |   |   |- [+] [ 21]
 |   |   |   |- Guid:61D983B7485E8169EEFDB5AE6C038252 BaseClass: NativeClass:/Script/Engine.StaticMeshActor Name:StaticMeshActor_5 Label:SM_Cube2 SpatiallyLoaded:1 Bounds:IsValid=true, Min=(X=0.000 Y=0.000 Z=0.000), Max=(X=10000.000 Y=100.000 Z=400.000) RuntimeGrid:None EditorOnly:0 RuntimeOnly:0 HLODRelevant:1 ListedInSceneOutliner:1 IsMainWorldOnly:0 FolderPath:Playground FolderGuid:C73F09FC4215536B1DCE2A9E0A830C70
 |   |   |- [+] [ 22]
 |   |   |   |- Guid:63682B7F49EB549F683E248ED17B2961 BaseClass: NativeClass:/Script/Engine.StaticMeshActor Name:StaticMeshActor_UAID_9C7BEF28E63F29D001_1204893069 Label:bench6 SpatiallyLoaded:1 Bounds:IsValid=true, Min=(X=3382.137 Y=4296.145 Z=0.000), Max=(X=3419.720 Y=4373.095 Z=54.895) RuntimeGrid:None EditorOnly:0 RuntimeOnly:0 HLODRelevant:1 ListedInSceneOutliner:1 IsMainWorldOnly:0
 |   |   |- [+] [ 23]
 |   |   |   |- Guid:6EE9B8924D1D90F2D5AC359FCF5736C9 BaseClass: NativeClass:/Script/Engine.StaticMeshActor Name:StaticMeshActor_UAID_9C7BEF28E63F28D001_1901641875 Label:iron-fence-border_iron_fence_border17 SpatiallyLoaded:1 Bounds:IsValid=true, Min=(X=3850.000 Y=4400.000 Z=0.000), Max=(X=3860.000 Y=4500.000 Z=82.390) RuntimeGrid:None EditorOnly:0 RuntimeOnly:0 HLODRelevant:1 ListedInSceneOutliner:1 IsMainWorldOnly:0
 |   |   |- [+] [ 24]
 |   |   |   |- Guid:70E4D92247F5F2BED8F9EE8B2D4CA45D BaseClass: NativeClass:/Script/Engine.StaticMeshActor Name:StaticMeshActor_UAID_9C7BEF28E63F28D001_2073667884 Label:iron-fence-border-column_iron_fence_border_column SpatiallyLoaded:1 Bounds:IsValid=true, Min=(X=3359.971 Y=4499.086 Z=0.000), Max=(X=3369.971 Y=4599.086 Z=82.390) RuntimeGrid:None EditorOnly:0 RuntimeOnly:0 HLODRelevant:1 ListedInSceneOutliner:1 IsMainWorldOnly:0
 |   |   |- [+] [ 25]
 |   |   |   |- Guid:71A11D954B5924D63066EA9B53E35137 BaseClass: NativeClass:/Script/Engine.StaticMeshActor Name:StaticMeshActor_UAID_9C7BEF28E63F29D001_1154153062 Label:lantern-candle_lantern_candle SpatiallyLoaded:1 Bounds:IsValid=true, Min=(X=3357.553 Y=4586.846 Z=82.390), Max=(X=3372.144 Y=4601.437 Z=111.620) RuntimeGrid:None EditorOnly:0 RuntimeOnly:0 HLODRelevant:1 ListedInSceneOutliner:1 IsMainWorldOnly:0
 |   |   |- [+] [ 26]
 |   |   |   |- Guid:781166A744497FC8A392938500F73AE0 BaseClass: NativeClass:/Script/Engine.DirectionalLight Name:DirectionalLight_0 Label:DirectionalLight SpatiallyLoaded:0 Bounds:IsValid=true, Min=(X=-4398046511104.000 Y=-4398046511104.000 Z=-4398046511104.000), Max=(X=4398046511104.000 Y=4398046511104.000 Z=4398046511104.000) RuntimeGrid:None EditorOnly:0 RuntimeOnly:0 HLODRelevant:0 ListedInSceneOutliner:1 IsMainWorldOnly:0 FolderPath:Lighting FolderGuid:963EC3EB4002CCE9759E2EBA541A873A
 |   |   |- [+] [ 27]
 |   |   |   |- Guid:78502D214510CD540FD30DB53E9F33F4 BaseClass: NativeClass:/Script/Engine.StaticMeshActor Name:StaticMeshActor_UAID_9C7BEF28E63F28D001_1942913880 Label:pine-fall_pine_fall SpatiallyLoaded:1 Bounds:IsValid=true, Min=(X=3441.100 Y=4893.272 Z=0.000), Max=(X=3558.900 Y=5026.728 Z=228.985) RuntimeGrid:None EditorOnly:0 RuntimeOnly:0 HLODRelevant:1 ListedInSceneOutliner:1 IsMainWorldOnly:0
 |   |   |- [+] [ 28]
 |   |   |   |- Guid:7888C0384F81C5F736EA84A5AA172E07 BaseClass: NativeClass:/Script/Engine.StaticMeshActor Name:StaticMeshActor_UAID_9C7BEF28E63F28D001_1901642876 Label:iron-fence-border_iron_fence_border18 SpatiallyLoaded:1 Bounds:IsValid=true, Min=(X=3850.000 Y=4300.000 Z=0.000), Max=(X=3860.000 Y=4400.000 Z=82.390) RuntimeGrid:None EditorOnly:0 RuntimeOnly:0 HLODRelevant:1 ListedInSceneOutliner:1 IsMainWorldOnly:0
 |   |   |- [+] [ 29]
 |   |   |   |- Guid:7ABBB9154321FE797AAA969DC0120A6A BaseClass: NativeClass:/Script/Engine.StaticMeshActor Name:StaticMeshActor_1 Label:SM_Cube SpatiallyLoaded:1 Bounds:IsValid=true, Min=(X=0.000 Y=0.000 Z=-50.000), Max=(X=10000.000 Y=10500.000 Z=0.000) RuntimeGrid:None EditorOnly:0 RuntimeOnly:0 HLODRelevant:1 ListedInSceneOutliner:1 IsMainWorldOnly:0 FolderPath:Playground FolderGuid:C73F09FC4215536B1DCE2A9E0A830C70
 |   |   |- [+] [ 30]
 |   |   |   |- Guid:7BEBB14B4EEDBE72B895279264D62D5B BaseClass: NativeClass:/Script/Engine.StaticMeshActor Name:StaticMeshActor_UAID_9C7BEF28E63F28D001_1840837864 Label:iron-fence-border_iron_fence_border8 SpatiallyLoaded:1 Bounds:IsValid=true, Min=(X=3560.000 Y=4200.000 Z=0.000), Max=(X=3660.000 Y=4210.000 Z=82.390) RuntimeGrid:None EditorOnly:0 RuntimeOnly:0 HLODRelevant:1 ListedInSceneOutliner:1 IsMainWorldOnly:0
 |   |   |- [+] [ 31]
 |   |   |   |- Guid:7C11ADE945E7FC626975EAA6820194FB BaseClass: NativeClass:/Script/Engine.StaticMeshActor Name:StaticMeshActor_UAID_9C7BEF28E63F28D001_1854668867 Label:iron-fence-border_iron_fence_border11 SpatiallyLoaded:1 Bounds:IsValid=true, Min=(X=3560.000 Y=5090.000 Z=0.000), Max=(X=3660.000 Y=5100.000 Z=82.390) RuntimeGrid:None EditorOnly:0 RuntimeOnly:0 HLODRelevant:1 ListedInSceneOutliner:1 IsMainWorldOnly:0
 |   |   |- [+] [ 32]
 |   |   |   |- Guid:8DB12AD145AC08323AA437A54C3FAD82 BaseClass: NativeClass:/Script/Engine.StaticMeshActor Name:StaticMeshActor_UAID_9C7BEF28E63F29D001_1191316065 Label:bench2 SpatiallyLoaded:1 Bounds:IsValid=true, Min=(X=3792.724 Y=4792.722 Z=0.000), Max=(X=3830.307 Y=4869.672 Z=54.895) RuntimeGrid:None EditorOnly:0 RuntimeOnly:0 HLODRelevant:1 ListedInSceneOutliner:1 IsMainWorldOnly:0
 |   |   |- [+] [ 33]
 |   |   |   |- Guid:9CBA90A94233A219F06F529D37DDA968 BaseClass: NativeClass:/Script/Engine.StaticMeshActor Name:StaticMeshActor_4 Label:SM_Cube6 SpatiallyLoaded:1 Bounds:IsValid=true, Min=(X=9840.000 Y=100.000 Z=0.000), Max=(X=9940.000 Y=10600.000 Z=400.000) RuntimeGrid:None EditorOnly:0 RuntimeOnly:0 HLODRelevant:1 ListedInSceneOutliner:1 IsMainWorldOnly:0 FolderPath:Playground FolderGuid:C73F09FC4215536B1DCE2A9E0A830C70
 |   |   |- [+] [ 34]
 |   |   |   |- Guid:9E5C149C42C19DCA9ECB5C8813269FF8 BaseClass: NativeClass:/Script/Engine.StaticMeshActor Name:StaticMeshActor_UAID_9C7BEF28E63F28D001_1741373848 Label:iron-fence-border_iron_fence_border2 SpatiallyLoaded:1 Bounds:IsValid=true, Min=(X=3360.000 Y=4400.000 Z=0.000), Max=(X=3370.000 Y=4500.000 Z=82.390) RuntimeGrid:None EditorOnly:0 RuntimeOnly:0 HLODRelevant:1 ListedInSceneOutliner:1 IsMainWorldOnly:0
 |   |   |- [+] [ 35]
 |   |   |   |- Guid:A1E68608421312810BB02EA1B4F261B0 BaseClass: NativeClass:/Script/Engine.StaticMeshActor Name:StaticMeshActor_UAID_A4AE111137DC5EFB00_1110535423 Label:SM_SkySphere SpatiallyLoaded:0 Bounds:IsValid=true, Min=(X=-1638400.000 Y=-1638400.000 Z=-1638400.000), Max=(X=1638400.000 Y=1638400.000 Z=1638400.000) RuntimeGrid:None EditorOnly:0 RuntimeOnly:0 HLODRelevant:1 ListedInSceneOutliner:1 IsMainWorldOnly:0 FolderPath:Lighting FolderGuid:963EC3EB4002CCE9759E2EBA541A873A
 |   |   |- [+] [ 36]
 |   |   |   |- Guid:A29CA9844E859F0C901508A7DE3413F8 BaseClass: NativeClass:/Script/Engine.StaticMeshActor Name:StaticMeshActor_UAID_9C7BEF28E63F28D001_2101853885 Label:iron-fence-border-column_iron_fence_border_column2 SpatiallyLoaded:1 Bounds:IsValid=true, Min=(X=3360.023 Y=4701.973 Z=0.000), Max=(X=3370.023 Y=4801.973 Z=82.390) RuntimeGrid:None EditorOnly:0 RuntimeOnly:0 HLODRelevant:1 ListedInSceneOutliner:1 IsMainWorldOnly:0
 |   |   |- [+] [ 37]
 |   |   |   |- Guid:B0D142F7431B60F015E151A3D1BD727F BaseClass: NativeClass:/Script/Engine.WorldDataLayers Name:WorldDataLayers Label:WorldDataLayers SpatiallyLoaded:0 Bounds:Invalid RuntimeGrid:None EditorOnly:0 RuntimeOnly:0 HLODRelevant:0 ListedInSceneOutliner:1 IsMainWorldOnly:1
 |   |   |- [+] [ 38]
 |   |   |   |- Guid:BC9E5F24433BDC60683A70AC4FEF793A BaseClass: NativeClass:/Script/Engine.StaticMeshActor Name:StaticMeshActor_UAID_9C7BEF28E63F29D001_1180658064 Label:bench SpatiallyLoaded:1 Bounds:IsValid=true, Min=(X=3792.724 Y=4701.467 Z=0.000), Max=(X=3830.307 Y=4778.417 Z=54.895) RuntimeGrid:None EditorOnly:0 RuntimeOnly:0 HLODRelevant:1 ListedInSceneOutliner:1 IsMainWorldOnly:0
 |   |   |- [+] [ 39]
 |   |   |   |- Guid:C08D56224C10904736F1F9A123E083C5 BaseClass: NativeClass:/Script/NavigationSystem.RecastNavMesh Name:RecastNavMesh_UAID_9C7BEF28E63F91CE01-Default Label:RecastNavMesh-Default SpatiallyLoaded:0 Bounds:IsValid=true, Min=(X=0.000 Y=0.000 Z=0.000), Max=(X=0.000 Y=0.000 Z=0.000) RuntimeGrid:None EditorOnly:0 RuntimeOnly:0 HLODRelevant:0 ListedInSceneOutliner:1 IsMainWorldOnly:0
 |   |   |- [+] [ 40]
 |   |   |   |- Guid:C2BA195F45F9D2B0AB4DB5A4EE6A0A81 BaseClass: NativeClass:/Script/Engine.StaticMeshActor Name:StaticMeshActor_UAID_9C7BEF28E63F28D001_1907762877 Label:iron-fence-border_iron_fence_border19 SpatiallyLoaded:1 Bounds:IsValid=true, Min=(X=3850.000 Y=4600.000 Z=0.000), Max=(X=3860.000 Y=4700.000 Z=82.390) RuntimeGrid:None EditorOnly:0 RuntimeOnly:0 HLODRelevant:1 ListedInSceneOutliner:1 IsMainWorldOnly:0
 |   |   |- [+] [ 41]
 |   |   |   |- Guid:C9184FB64D7CDBA86A036890B17BFF1D BaseClass: NativeClass:/Script/Engine.StaticMeshActor Name:StaticMeshActor_UAID_9C7BEF28E63F28D001_1840838865 Label:iron-fence-border_iron_fence_border9 SpatiallyLoaded:1 Bounds:IsValid=true, Min=(X=3660.000 Y=4200.000 Z=0.000), Max=(X=3760.000 Y=4210.000 Z=82.390) RuntimeGrid:None EditorOnly:0 RuntimeOnly:0 HLODRelevant:1 ListedInSceneOutliner:1 IsMainWorldOnly:0
 |   |   |- [+] [ 42]
 |   |   |   |- Guid:CAE03DAB4B83996C1F44988F5F0DA232 BaseClass: NativeClass:/Script/Engine.StaticMeshActor Name:StaticMeshActor_UAID_9C7BEF28E63F29D001_1204892068 Label:bench5 SpatiallyLoaded:1 Bounds:IsValid=true, Min=(X=3382.137 Y=4386.541 Z=0.000), Max=(X=3419.720 Y=4463.491 Z=54.895) RuntimeGrid:None EditorOnly:0 RuntimeOnly:0 HLODRelevant:1 ListedInSceneOutliner:1 IsMainWorldOnly:0
 |   |   |- [+] [ 43]
 |   |   |   |- Guid:D1D35751457F26C5A8EDB08261E13E19 BaseClass: NativeClass:/Script/Engine.TextRenderActor Name:TextRenderActor_1 Label:TextRenderActor SpatiallyLoaded:1 Bounds:IsValid=true, Min=(X=-0.100 Y=1100.000 Z=65.013), Max=(X=-0.100 Y=2392.308 Z=215.013) RuntimeGrid:None EditorOnly:0 RuntimeOnly:0 HLODRelevant:0 ListedInSceneOutliner:1 IsMainWorldOnly:0
 |   |   |- [+] [ 44]
 |   |   |   |- Guid:D6D8CF9C4694699B393AB9932A99A7A2 BaseClass: NativeClass:/Script/Engine.StaticMeshActor Name:StaticMeshActor_UAID_9C7BEF28E63F28D001_1932570878 Label:pine-crooked_pine_crooked SpatiallyLoaded:1 Bounds:IsValid=true, Min=(X=3692.995 Y=4243.272 Z=0.000), Max=(X=3810.381 Y=4376.728 Z=203.804) RuntimeGrid:None EditorOnly:0 RuntimeOnly:0 HLODRelevant:1 ListedInSceneOutliner:1 IsMainWorldOnly:0
 |   |   |- [+] [ 45]
 |   |   |   |- Guid:DB66FBE04DBB85C36813209A22DA490D BaseClass: NativeClass:/Script/Engine.SkyLight Name:SkyLight_1 Label:SkyLight SpatiallyLoaded:0 Bounds:IsValid=true, Min=(X=0.000 Y=0.000 Z=690.000), Max=(X=0.000 Y=0.000 Z=690.000) RuntimeGrid:None EditorOnly:0 RuntimeOnly:0 HLODRelevant:0 ListedInSceneOutliner:1 IsMainWorldOnly:0 FolderPath:Lighting FolderGuid:963EC3EB4002CCE9759E2EBA541A873A
 |   |   |- [+] [ 46]
 |   |   |   |- Guid:E15E949F4156F05B43CA7799F07BE8B7 BaseClass: NativeClass:/Script/Engine.StaticMeshActor Name:StaticMeshActor_UAID_9C7BEF28E63F28D001_1898847872 Label:iron-fence-border_iron_fence_border14 SpatiallyLoaded:1 Bounds:IsValid=true, Min=(X=3850.000 Y=4800.000 Z=0.000), Max=(X=3860.000 Y=4900.000 Z=82.390) RuntimeGrid:None EditorOnly:0 RuntimeOnly:0 HLODRelevant:1 ListedInSceneOutliner:1 IsMainWorldOnly:0
 |   |   |- [+] [ 47]
 |   |   |   |- Guid:E8E13F90418FC26E9F4B2EB520D26070 BaseClass: NativeClass:/Script/Engine.StaticMeshActor Name:StaticMeshActor_UAID_9C7BEF28E63F28D001_1854670868 Label:iron-fence-border_iron_fence_border12 SpatiallyLoaded:1 Bounds:IsValid=true, Min=(X=3660.000 Y=5090.000 Z=0.000), Max=(X=3760.000 Y=5100.000 Z=82.390) RuntimeGrid:None EditorOnly:0 RuntimeOnly:0 HLODRelevant:1 ListedInSceneOutliner:1 IsMainWorldOnly:0
 |   |   |- [+] [ 48]
 |   |   |   |- Guid:EB0DDF2941ADC5770BB0EF9C440974C0 BaseClass: NativeClass:/Script/Engine.StaticMeshActor Name:StaticMeshActor_UAID_9C7BEF28E63F28D001_1898848873 Label:iron-fence-border_iron_fence_border15 SpatiallyLoaded:1 Bounds:IsValid=true, Min=(X=3850.000 Y=4700.000 Z=0.000), Max=(X=3860.000 Y=4800.000 Z=82.390) RuntimeGrid:None EditorOnly:0 RuntimeOnly:0 HLODRelevant:1 ListedInSceneOutliner:1 IsMainWorldOnly:0
 |   |   |- [+] [ 49]
 |   |   |   |- Guid:EF4F93FC446669385767559B3E89DDF8 BaseClass: NativeClass:/Script/Engine.PlayerStart Name:PlayerStart_0 Label:PlayerStart SpatiallyLoaded:0 Bounds:IsValid=true, Min=(X=3028.866 Y=4608.032 Z=0.013), Max=(X=3108.866 Y=4688.032 Z=184.013) RuntimeGrid:None EditorOnly:0 RuntimeOnly:0 HLODRelevant:0 ListedInSceneOutliner:1 IsMainWorldOnly:0
 |   |   |- [+] [ 50]
 |   |   |   |- Guid:F04C2CF141C0B71847DEA48EC59F4EBC BaseClass: NativeClass:/Script/Engine.StaticMeshActor Name:StaticMeshActor_UAID_9C7BEF28E63F29D001_1193493066 Label:bench3 SpatiallyLoaded:1 Bounds:IsValid=true, Min=(X=3792.724 Y=4883.118 Z=0.000), Max=(X=3830.307 Y=4960.068 Z=54.895) RuntimeGrid:None EditorOnly:0 RuntimeOnly:0 HLODRelevant:1 ListedInSceneOutliner:1 IsMainWorldOnly:0
 |   |   |- [+] [ 51]
 |   |   |   |- Guid:F0834FD248E46334451EF5944D9F577E BaseClass: NativeClass:/Script/Engine.ExponentialHeightFog Name:ExponentialHeightFog_0 Label:ExponentialHeightFog SpatiallyLoaded:0 Bounds:IsValid=true, Min=(X=-5600.000 Y=-50.000 Z=-6850.000), Max=(X=-5600.000 Y=-50.000 Z=-6850.000) RuntimeGrid:None EditorOnly:0 RuntimeOnly:0 HLODRelevant:0 ListedInSceneOutliner:1 IsMainWorldOnly:0 FolderPath:Lighting FolderGuid:963EC3EB4002CCE9759E2EBA541A873A
 |   |   |- [+] [ 52]
 |   |   |   |- Guid:F20A4CBF4E07730506775888739CA5B5 BaseClass: NativeClass:/Script/Engine.StaticMeshActor Name:StaticMeshActor_0 Label:SM_Cube5 SpatiallyLoaded:1 Bounds:IsValid=true, Min=(X=-0.000 Y=100.000 Z=0.000), Max=(X=100.000 Y=10600.000 Z=400.000) RuntimeGrid:None EditorOnly:0 RuntimeOnly:0 HLODRelevant:1 ListedInSceneOutliner:1 IsMainWorldOnly:0 FolderPath:Playground FolderGuid:C73F09FC4215536B1DCE2A9E0A830C70
 |   |   |- [+] [ 53]
 |   |   |   |- Guid:F442F38D40A1F73B0489BCA8109AC139 BaseClass: NativeClass:/Script/Engine.StaticMeshActor Name:StaticMeshActor_UAID_9C7BEF28E63F28D001_1854666866 Label:iron-fence-border_iron_fence_border10 SpatiallyLoaded:1 Bounds:IsValid=true, Min=(X=3460.000 Y=5090.000 Z=0.000), Max=(X=3560.000 Y=5100.000 Z=82.390) RuntimeGrid:None EditorOnly:0 RuntimeOnly:0 HLODRelevant:1 ListedInSceneOutliner:1 IsMainWorldOnly:0
 |   |   |- [+] [ 54]
 |   |   |   |- Guid:FBD47FE547918098F3745EAF963EFB6A BaseClass: NativeClass:/Script/Engine.StaticMeshActor Name:StaticMeshActor_UAID_9C7BEF28E63F28D001_1886536870 Label:iron-fence-border-curve_iron_fence_border_curve4 SpatiallyLoaded:1 Bounds:IsValid=true, Min=(X=3760.000 Y=5000.000 Z=0.000), Max=(X=3860.000 Y=5100.000 Z=82.390) RuntimeGrid:None EditorOnly:0 RuntimeOnly:0 HLODRelevant:1 ListedInSceneOutliner:1 IsMainWorldOnly:0
 |   |   |- [+] [ 55]
 |   |   |   |- Guid:FD702FA540569C2F03329184C36CB753 BaseClass: NativeClass:/Script/Engine.StaticMeshActor Name:StaticMeshActor_UAID_9C7BEF28E63F28D001_1773168851 Label:iron-fence-border-curve_iron_fence_border_curve SpatiallyLoaded:1 Bounds:IsValid=true, Min=(X=3360.000 Y=4200.000 Z=0.000), Max=(X=3460.000 Y=4300.000 Z=82.390) RuntimeGrid:None EditorOnly:0 RuntimeOnly:0 HLODRelevant:1 ListedInSceneOutliner:1 IsMainWorldOnly:0
 |- ContainerInstances:
 |- [+] MainContainer:
 |   |-        ID: 00000000000000000000000000000000
 |   |-  ParentID: 00000000000000000000000000000000
 |   |-    Bounds: IsValid=false, Min=(X=0.000 Y=0.000 Z=0.000), Max=(X=0.000 Y=0.000 Z=0.000)
 |   |- Transform: 0.000000,0.000000,0.000000|0.000000,0.000000,-0.000000|1.000000,1.000000,1.000000
 |   |- Container: /Game/TopDownShooter/Maps/ThirdPersonMap
----------------------------------------------------------------------------------------------------------------
ThirdPersonMap - Persistent Level
----------------------------------------------------------------------------------------------------------------
[+] Content of ThirdPersonMap Persistent Level
 |- Always loaded Actor Count: 63 
 |- Actor Path: /Game/TopDownShooter/Maps/ThirdPersonMap.ThirdPersonMap:PersistentLevel.AbstractNavData-Default
 |- Actor Package: /Game/TopDownShooter/Maps/ThirdPersonMap
 |- Actor Path: /Game/TopDownShooter/Maps/ThirdPersonMap.ThirdPersonMap:PersistentLevel.BP_Shop_C_UAID_842AFD1526492CCF01_1125603495
 |- Actor Package: /Game/__ExternalActors__/TopDownShooter/Maps/ThirdPersonMap/E/Z1/YX8XO0HUFR6KY50AG7B25W
 |- Actor Path: /Game/TopDownShooter/Maps/ThirdPersonMap.ThirdPersonMap:PersistentLevel.Brush_0
 |- Actor Package: /Game/TopDownShooter/Maps/ThirdPersonMap
 |- Actor Path: /Game/TopDownShooter/Maps/ThirdPersonMap.ThirdPersonMap:PersistentLevel.DefaultPhysicsVolume_0
 |- Actor Package: /Game/TopDownShooter/Maps/ThirdPersonMap
 |- Actor Path: /Game/TopDownShooter/Maps/ThirdPersonMap.ThirdPersonMap:PersistentLevel.DirectionalLight_0
 |- Actor Package: /Game/__ExternalActors__/TopDownShooter/Maps/ThirdPersonMap/5/R1/TS5OQ5CRUWFZYL1ZQ7I416
 |- Actor Path: /Game/TopDownShooter/Maps/ThirdPersonMap.ThirdPersonMap:PersistentLevel.ExponentialHeightFog_0
 |- Actor Package: /Game/__ExternalActors__/TopDownShooter/Maps/ThirdPersonMap/6/J7/N10XDC9G27EMLS5AGZ6AVV
 |- Actor Path: /Game/TopDownShooter/Maps/ThirdPersonMap.ThirdPersonMap:PersistentLevel.GameplayDebuggerPlayerManager_0
 |- Actor Package: /Game/TopDownShooter/Maps/ThirdPersonMap
 |- Actor Path: /Game/TopDownShooter/Maps/ThirdPersonMap.ThirdPersonMap:PersistentLevel.NavMeshBoundsVolume_UAID_9C7BEF28E63F91CE01_1779230216
 |- Actor Package: /Game/__ExternalActors__/TopDownShooter/Maps/ThirdPersonMap/1/FF/MCWAVTOXMOJDZ17FENR0RR
 |- Actor Path: /Game/TopDownShooter/Maps/ThirdPersonMap.ThirdPersonMap:PersistentLevel.PlayerStart_0
 |- Actor Package: /Game/__ExternalActors__/TopDownShooter/Maps/ThirdPersonMap/D/DE/SWSI13675DVYIZ0N4NF7Y3
 |- Actor Path: /Game/TopDownShooter/Maps/ThirdPersonMap.ThirdPersonMap:PersistentLevel.PostProcessVolume_0
 |- Actor Package: /Game/__ExternalActors__/TopDownShooter/Maps/ThirdPersonMap/1/AZ/A7GPT109Y6ZTTJD4A7TXER
 |- Actor Path: /Game/TopDownShooter/Maps/ThirdPersonMap.ThirdPersonMap:PersistentLevel.RecastNavMesh_UAID_9C7BEF28E63F91CE01-Default
 |- Actor Package: /Game/__ExternalActors__/TopDownShooter/Maps/ThirdPersonMap/4/0U/LJOJ6O0M99Q9E9HJGR3QOO
 |- Actor Path: /Game/TopDownShooter/Maps/ThirdPersonMap.ThirdPersonMap:PersistentLevel.SkyAtmosphere_0
 |- Actor Package: /Game/__ExternalActors__/TopDownShooter/Maps/ThirdPersonMap/4/LN/30UBDLYFFA5ZR7U4W4L4GG
 |- Actor Path: /Game/TopDownShooter/Maps/ThirdPersonMap.ThirdPersonMap:PersistentLevel.SkyLight_1
 |- Actor Package: /Game/__ExternalActors__/TopDownShooter/Maps/ThirdPersonMap/8/S1/DXUWD12MD3HRWVVXX076BY
 |- Actor Path: /Game/TopDownShooter/Maps/ThirdPersonMap.ThirdPersonMap:PersistentLevel.StaticMeshActor_0
 |- Actor Package: /Game/__ExternalActors__/TopDownShooter/Maps/ThirdPersonMap/A/MS/MRHJREJ6H7USQYWF1KO8F6
 |- Actor Path: /Game/TopDownShooter/Maps/ThirdPersonMap.ThirdPersonMap:PersistentLevel.StaticMeshActor_1
 |- Actor Package: /Game/__ExternalActors__/TopDownShooter/Maps/ThirdPersonMap/6/YO/NG2R9BPZVA7ZDN0Z4VSTG6
 |- Actor Path: /Game/TopDownShooter/Maps/ThirdPersonMap.ThirdPersonMap:PersistentLevel.StaticMeshActor_4
 |- Actor Package: /Game/__ExternalActors__/TopDownShooter/Maps/ThirdPersonMap/5/9Q/U98KGKQ41NJYFOGFQM8ZDY
 |- Actor Path: /Game/TopDownShooter/Maps/ThirdPersonMap.ThirdPersonMap:PersistentLevel.StaticMeshActor_5
 |- Actor Package: /Game/__ExternalActors__/TopDownShooter/Maps/ThirdPersonMap/C/QF/BY1DA5CRGQSAMOTK8RA8KR
 |- Actor Path: /Game/TopDownShooter/Maps/ThirdPersonMap.ThirdPersonMap:PersistentLevel.StaticMeshActor_6
 |- Actor Package: /Game/__ExternalActors__/TopDownShooter/Maps/ThirdPersonMap/D/0G/JNKFA4X9LRMSF343ESPF6Q
 |- Actor Path: /Game/TopDownShooter/Maps/ThirdPersonMap.ThirdPersonMap:PersistentLevel.StaticMeshActor_UAID_9C7BEF28E63F28D001_1741373848
 |- Actor Package: /Game/__ExternalActors__/TopDownShooter/Maps/ThirdPersonMap/3/81/UMAZHH6PVGPF30II41355X
 |- Actor Path: /Game/TopDownShooter/Maps/ThirdPersonMap.ThirdPersonMap:PersistentLevel.StaticMeshActor_UAID_9C7BEF28E63F28D001_1743984849
 |- Actor Package: /Game/__ExternalActors__/TopDownShooter/Maps/ThirdPersonMap/B/9J/68F0F51E0PM3ZL0HPXLRT1
 |- Actor Path: /Game/TopDownShooter/Maps/ThirdPersonMap.ThirdPersonMap:PersistentLevel.StaticMeshActor_UAID_9C7BEF28E63F28D001_1773168851
 |- Actor Package: /Game/__ExternalActors__/TopDownShooter/Maps/ThirdPersonMap/4/WQ/EXXM9DX8RLG2PURZX9A0FH
 |- Actor Path: /Game/TopDownShooter/Maps/ThirdPersonMap.ThirdPersonMap:PersistentLevel.StaticMeshActor_UAID_9C7BEF28E63F28D001_1797562853
 |- Actor Package: /Game/__ExternalActors__/TopDownShooter/Maps/ThirdPersonMap/B/BW/2M7OBBD83G9NFF5UDN9CIK
 |- Actor Path: /Game/TopDownShooter/Maps/ThirdPersonMap.ThirdPersonMap:PersistentLevel.StaticMeshActor_UAID_9C7BEF28E63F28D001_1797563854
 |- Actor Package: /Game/__ExternalActors__/TopDownShooter/Maps/ThirdPersonMap/A/I4/HDQNV5P936L960UYDUJ8R6
 |- Actor Path: /Game/TopDownShooter/Maps/ThirdPersonMap.ThirdPersonMap:PersistentLevel.StaticMeshActor_UAID_9C7BEF28E63F28D001_1806011856
 |- Actor Package: /Game/__ExternalActors__/TopDownShooter/Maps/ThirdPersonMap/D/MP/87TB073PBKAHZU84NXALAD
 |- Actor Path: /Game/TopDownShooter/Maps/ThirdPersonMap.ThirdPersonMap:PersistentLevel.StaticMeshActor_UAID_9C7BEF28E63F28D001_1840835863
 |- Actor Package: /Game/__ExternalActors__/TopDownShooter/Maps/ThirdPersonMap/0/GQ/5BCF1R1Z0W7MOAO067I1JT
 |- Actor Path: /Game/TopDownShooter/Maps/ThirdPersonMap.ThirdPersonMap:PersistentLevel.StaticMeshActor_UAID_9C7BEF28E63F28D001_1840837864
 |- Actor Package: /Game/__ExternalActors__/TopDownShooter/Maps/ThirdPersonMap/A/MX/VMO7UZQJK4OJBWKE7FPVW1
 |- Actor Path: /Game/TopDownShooter/Maps/ThirdPersonMap.ThirdPersonMap:PersistentLevel.StaticMeshActor_UAID_9C7BEF28E63F28D001_1840838865
 |- Actor Package: /Game/__ExternalActors__/TopDownShooter/Maps/ThirdPersonMap/0/5U/JUEUU1LTS5GR24GJ7REOSL
 |- Actor Path: /Game/TopDownShooter/Maps/ThirdPersonMap.ThirdPersonMap:PersistentLevel.StaticMeshActor_UAID_9C7BEF28E63F28D001_1854666866
 |- Actor Package: /Game/__ExternalActors__/TopDownShooter/Maps/ThirdPersonMap/D/KP/PVIF2CJ44HYLC0YGOY224D
 |- Actor Path: /Game/TopDownShooter/Maps/ThirdPersonMap.ThirdPersonMap:PersistentLevel.StaticMeshActor_UAID_9C7BEF28E63F28D001_1854668867
 |- Actor Package: /Game/__ExternalActors__/TopDownShooter/Maps/ThirdPersonMap/D/2N/XFK2IOBN6JCQ8XJMEPBLBG
 |- Actor Path: /Game/TopDownShooter/Maps/ThirdPersonMap.ThirdPersonMap:PersistentLevel.StaticMeshActor_UAID_9C7BEF28E63F28D001_1854670868
 |- Actor Package: /Game/__ExternalActors__/TopDownShooter/Maps/ThirdPersonMap/1/2Y/1KK3EAHZ5E4W2GF9ESLXM1
 |- Actor Path: /Game/TopDownShooter/Maps/ThirdPersonMap.ThirdPersonMap:PersistentLevel.StaticMeshActor_UAID_9C7BEF28E63F28D001_1870374869
 |- Actor Package: /Game/__ExternalActors__/TopDownShooter/Maps/ThirdPersonMap/5/NK/LJ3HTEF1TF8RPUZ7S4EY25
 |- Actor Path: /Game/TopDownShooter/Maps/ThirdPersonMap.ThirdPersonMap:PersistentLevel.StaticMeshActor_UAID_9C7BEF28E63F28D001_1886536870
 |- Actor Package: /Game/__ExternalActors__/TopDownShooter/Maps/ThirdPersonMap/4/P0/I913NUYYFPIJPT874E2D6G
 |- Actor Path: /Game/TopDownShooter/Maps/ThirdPersonMap.ThirdPersonMap:PersistentLevel.StaticMeshActor_UAID_9C7BEF28E63F28D001_1898845871
 |- Actor Package: /Game/__ExternalActors__/TopDownShooter/Maps/ThirdPersonMap/A/NE/KW9Y015KLXS39VRJE21I9D
 |- Actor Path: /Game/TopDownShooter/Maps/ThirdPersonMap.ThirdPersonMap:PersistentLevel.StaticMeshActor_UAID_9C7BEF28E63F28D001_1898847872
 |- Actor Package: /Game/__ExternalActors__/TopDownShooter/Maps/ThirdPersonMap/2/0R/V7Z2EFXWYX1SG1OA28N8ND
 |- Actor Path: /Game/TopDownShooter/Maps/ThirdPersonMap.ThirdPersonMap:PersistentLevel.StaticMeshActor_UAID_9C7BEF28E63F28D001_1898848873
 |- Actor Package: /Game/__ExternalActors__/TopDownShooter/Maps/ThirdPersonMap/5/4U/H7J6U4N17KOPMABWGOYEQ4
 |- Actor Path: /Game/TopDownShooter/Maps/ThirdPersonMap.ThirdPersonMap:PersistentLevel.StaticMeshActor_UAID_9C7BEF28E63F28D001_1901639874
 |- Actor Package: /Game/__ExternalActors__/TopDownShooter/Maps/ThirdPersonMap/5/A8/J25CT9ZWWW9KHSRIXOSRIJ
 |- Actor Path: /Game/TopDownShooter/Maps/ThirdPersonMap.ThirdPersonMap:PersistentLevel.StaticMeshActor_UAID_9C7BEF28E63F28D001_1901641875
 |- Actor Package: /Game/__ExternalActors__/TopDownShooter/Maps/ThirdPersonMap/4/43/UZYQPOZFG64BFRJJ1KS3M7
 |- Actor Path: /Game/TopDownShooter/Maps/ThirdPersonMap.ThirdPersonMap:PersistentLevel.StaticMeshActor_UAID_9C7BEF28E63F28D001_1901642876
 |- Actor Package: /Game/__ExternalActors__/TopDownShooter/Maps/ThirdPersonMap/5/P7/8NVHK6TS8PADP3L7Q7Z12A
 |- Actor Path: /Game/TopDownShooter/Maps/ThirdPersonMap.ThirdPersonMap:PersistentLevel.StaticMeshActor_UAID_9C7BEF28E63F28D001_1907762877
 |- Actor Package: /Game/__ExternalActors__/TopDownShooter/Maps/ThirdPersonMap/5/TZ/422223QZ8KNU5ZVJIM0O5E
 |- Actor Path: /Game/TopDownShooter/Maps/ThirdPersonMap.ThirdPersonMap:PersistentLevel.StaticMeshActor_UAID_9C7BEF28E63F28D001_1932570878
 |- Actor Package: /Game/__ExternalActors__/TopDownShooter/Maps/ThirdPersonMap/7/6R/WWA9SXZMNO4RRM0GKB3P88
 |- Actor Path: /Game/TopDownShooter/Maps/ThirdPersonMap.ThirdPersonMap:PersistentLevel.StaticMeshActor_UAID_9C7BEF28E63F28D001_1938581879
 |- Actor Package: /Game/__ExternalActors__/TopDownShooter/Maps/ThirdPersonMap/E/4D/RG1IGVHIOIF4VEX2PEUO9L
 |- Actor Path: /Game/TopDownShooter/Maps/ThirdPersonMap.ThirdPersonMap:PersistentLevel.StaticMeshActor_UAID_9C7BEF28E63F28D001_1942913880
 |- Actor Package: /Game/__ExternalActors__/TopDownShooter/Maps/ThirdPersonMap/4/YW/SDY0G28OWCCB2OF22ET8HN
 |- Actor Path: /Game/TopDownShooter/Maps/ThirdPersonMap.ThirdPersonMap:PersistentLevel.StaticMeshActor_UAID_9C7BEF28E63F28D001_1950071881
 |- Actor Package: /Game/__ExternalActors__/TopDownShooter/Maps/ThirdPersonMap/C/D8/XULSICHAPFKQBPQEFKR13B
 |- Actor Path: /Game/TopDownShooter/Maps/ThirdPersonMap.ThirdPersonMap:PersistentLevel.StaticMeshActor_UAID_9C7BEF28E63F28D001_2073667884
 |- Actor Package: /Game/__ExternalActors__/TopDownShooter/Maps/ThirdPersonMap/8/DC/OJSVK8PV6194NPIH9XSU7C
 |- Actor Path: /Game/TopDownShooter/Maps/ThirdPersonMap.ThirdPersonMap:PersistentLevel.StaticMeshActor_UAID_9C7BEF28E63F28D001_2101853885
 |- Actor Package: /Game/__ExternalActors__/TopDownShooter/Maps/ThirdPersonMap/D/BI/KIWJ8STBCGNU7LHXCSSPJ1
 |- Actor Path: /Game/TopDownShooter/Maps/ThirdPersonMap.ThirdPersonMap:PersistentLevel.StaticMeshActor_UAID_9C7BEF28E63F29D001_1154153062
 |- Actor Package: /Game/__ExternalActors__/TopDownShooter/Maps/ThirdPersonMap/9/WP/9M0UVSG46UTTP9HGHORDXE
 |- Actor Path: /Game/TopDownShooter/Maps/ThirdPersonMap.ThirdPersonMap:PersistentLevel.StaticMeshActor_UAID_9C7BEF28E63F29D001_1161725063
 |- Actor Package: /Game/__ExternalActors__/TopDownShooter/Maps/ThirdPersonMap/F/21/Y1XK3YTPOW3NC8UR7AWCBO
 |- Actor Path: /Game/TopDownShooter/Maps/ThirdPersonMap.ThirdPersonMap:PersistentLevel.StaticMeshActor_UAID_9C7BEF28E63F29D001_1180658064
 |- Actor Package: /Game/__ExternalActors__/TopDownShooter/Maps/ThirdPersonMap/C/Q1/MEZY1GNS2H3YNV1KNK2RWE
 |- Actor Path: /Game/TopDownShooter/Maps/ThirdPersonMap.ThirdPersonMap:PersistentLevel.StaticMeshActor_UAID_9C7BEF28E63F29D001_1191316065
 |- Actor Package: /Game/__ExternalActors__/TopDownShooter/Maps/ThirdPersonMap/2/Q0/5M0H6EN9ZHKYSQG147VUCK
 |- Actor Path: /Game/TopDownShooter/Maps/ThirdPersonMap.ThirdPersonMap:PersistentLevel.StaticMeshActor_UAID_9C7BEF28E63F29D001_1193493066
 |- Actor Package: /Game/__ExternalActors__/TopDownShooter/Maps/ThirdPersonMap/B/LX/PLTXNPH5WPH75U55A6HKI3
 |- Actor Path: /Game/TopDownShooter/Maps/ThirdPersonMap.ThirdPersonMap:PersistentLevel.StaticMeshActor_UAID_9C7BEF28E63F29D001_1204891067
 |- Actor Package: /Game/__ExternalActors__/TopDownShooter/Maps/ThirdPersonMap/A/YZ/T7AIO6LCZRILVA50ESOQ0C
 |- Actor Path: /Game/TopDownShooter/Maps/ThirdPersonMap.ThirdPersonMap:PersistentLevel.StaticMeshActor_UAID_9C7BEF28E63F29D001_1204892068
 |- Actor Package: /Game/__ExternalActors__/TopDownShooter/Maps/ThirdPersonMap/D/KG/RCXUJYK50Y7BDA60QIH8TV
 |- Actor Path: /Game/TopDownShooter/Maps/ThirdPersonMap.ThirdPersonMap:PersistentLevel.StaticMeshActor_UAID_9C7BEF28E63F29D001_1204893069
 |- Actor Package: /Game/__ExternalActors__/TopDownShooter/Maps/ThirdPersonMap/4/K4/846U2IA16FN1S4QP0FNT07
 |- Actor Path: /Game/TopDownShooter/Maps/ThirdPersonMap.ThirdPersonMap:PersistentLevel.StaticMeshActor_UAID_9C7BEF28E63F29D001_1225185070
 |- Actor Package: /Game/__ExternalActors__/TopDownShooter/Maps/ThirdPersonMap/A/OT/1Y5P5MB64L0W0G1ZSJ3HWY
 |- Actor Path: /Game/TopDownShooter/Maps/ThirdPersonMap.ThirdPersonMap:PersistentLevel.StaticMeshActor_UAID_9C7BEF28E63F29D001_1242723071
 |- Actor Package: /Game/__ExternalActors__/TopDownShooter/Maps/ThirdPersonMap/D/3S/60YL88PHK8JSVGZEYSXWZA
 |- Actor Path: /Game/TopDownShooter/Maps/ThirdPersonMap.ThirdPersonMap:PersistentLevel.StaticMeshActor_UAID_9C7BEF28E63F29D001_1256027072
 |- Actor Package: /Game/__ExternalActors__/TopDownShooter/Maps/ThirdPersonMap/9/8X/N4LNQI6YMVCFIV67MV04UZ
 |- Actor Path: /Game/TopDownShooter/Maps/ThirdPersonMap.ThirdPersonMap:PersistentLevel.StaticMeshActor_UAID_A4AE111137DC5EFB00_1110535423
 |- Actor Package: /Game/__ExternalActors__/TopDownShooter/Maps/ThirdPersonMap/4/PN/2QISIGK5DJNQ05US8O8FXW
 |- Actor Path: /Game/TopDownShooter/Maps/ThirdPersonMap.ThirdPersonMap:PersistentLevel.TextRenderActor_1
 |- Actor Package: /Game/__ExternalActors__/TopDownShooter/Maps/ThirdPersonMap/1/WU/NB37RT5Q32Z8MJWD8BD2SO
 |- Actor Path: /Game/TopDownShooter/Maps/ThirdPersonMap.ThirdPersonMap:PersistentLevel.ThirdPersonMap_C_1
 |- Actor Package: /Game/TopDownShooter/Maps/ThirdPersonMap
 |- Actor Path: /Game/TopDownShooter/Maps/ThirdPersonMap.ThirdPersonMap:PersistentLevel.VolumetricCloud_0
 |- Actor Package: /Game/__ExternalActors__/TopDownShooter/Maps/ThirdPersonMap/3/EY/87SHEJN5UBEAN2K5OV1G6R
 |- Actor Path: /Game/TopDownShooter/Maps/ThirdPersonMap.ThirdPersonMap:PersistentLevel.WorldDataLayers
 |- Actor Package: /Game/__ExternalActors__/TopDownShooter/Maps/ThirdPersonMap/0/43/HYQWORMY4JDQ5X3OKZXFLC
 |- Actor Path: /Game/TopDownShooter/Maps/ThirdPersonMap.ThirdPersonMap:PersistentLevel.WorldInfo_0
 |- Actor Package: /Game/TopDownShooter/Maps/ThirdPersonMap
 |- Actor Path: /Game/TopDownShooter/Maps/ThirdPersonMap.ThirdPersonMap:PersistentLevel.WorldPartitionMiniMap_0
 |- Actor Package: /Game/__ExternalActors__/TopDownShooter/Maps/ThirdPersonMap/E/FR/LBG6LPN5JCL3FMVSI2CK6R

----------------------------------------------------------------------------------------------------------------
ThirdPersonMap - Runtime Spatial Hash - Streaming Grid - MainGrid
----------------------------------------------------------------------------------------------------------------
            Origin: X=0.000 Y=0.000 Z=0.000
         Cell Size: 12800
      World Bounds: IsValid=false, Min=(X=0.000 Y=0.000 Z=0.000), Max=(X=0.000 Y=0.000 Z=0.000)
     Loading Range: 25600.00
Block Slow Loading: No
 ClientOnlyVisible: No
            Origin: X=0.000 Y=0.000 Z=0.000

[+] Grid Levels: 1
 |- Level  0: Cell Count    0 | Cell Size   12800 | Actor Count    0 (0.0%)

[+] Content of Grid Level 0

